[2012-05-03 21:32:31] security.DEBUG: Read SecurityContext from the session [] []
[2012-05-03 21:32:31] security.DEBUG: Reloading user from user provider. [] []
[2012-05-03 21:32:31] security.DEBUG: Username "kostas" was reloaded from user provider. [] []
[2012-05-03 21:32:32] request.ERROR: Symfony\Component\HttpKernel\Exception\NotFoundHttpException: No route found for "GET /images/patates.jpg" (uncaught exception) at C:\xampp\htdocs\ef\vendor\symfony\src\Symfony\Bundle\FrameworkBundle\EventListener\RouterListener.php line 83 [] []
[2012-05-03 21:32:32] security.DEBUG: Write SecurityContext in the session [] []
[2012-05-03 21:33:12] security.DEBUG: Read SecurityContext from the session [] []
[2012-05-03 21:33:12] security.DEBUG: Reloading user from user provider. [] []
[2012-05-03 21:33:12] security.DEBUG: Username "kostas" was reloaded from user provider. [] []
[2012-05-03 21:33:12] request.ERROR: Symfony\Component\HttpKernel\Exception\NotFoundHttpException: No route found for "GET /images/patates.jpg" (uncaught exception) at C:\xampp\htdocs\ef\vendor\symfony\src\Symfony\Bundle\FrameworkBundle\EventListener\RouterListener.php line 83 [] []
[2012-05-03 21:33:12] security.DEBUG: Write SecurityContext in the session [] []
[2012-05-05 21:20:55] security.DEBUG: Read SecurityContext from the session [] []
[2012-05-05 21:20:55] security.DEBUG: Reloading user from user provider. [] []
[2012-05-05 21:20:55] security.DEBUG: Username "kostas" was reloaded from user provider. [] []
[2012-05-05 21:20:55] request.ERROR: Symfony\Component\HttpKernel\Exception\NotFoundHttpException: No route found for "GET /" (uncaught exception) at C:\xampp\htdocs\ef\app\cache\prod\classes.php line 4564 [] []
[2012-05-05 21:20:55] security.DEBUG: Write SecurityContext in the session [] []
[2012-05-05 21:21:19] security.DEBUG: Read SecurityContext from the session [] []
[2012-05-05 21:21:19] security.DEBUG: Reloading user from user provider. [] []
[2012-05-05 21:21:19] security.DEBUG: Username "kostas" was reloaded from user provider. [] []
[2012-05-05 21:21:19] request.ERROR: Symfony\Component\HttpKernel\Exception\NotFoundHttpException: No route found for "GET /" (uncaught exception) at C:\xampp\htdocs\ef\app\cache\prod\classes.php line 4564 [] []
[2012-05-05 21:21:19] security.DEBUG: Write SecurityContext in the session [] []
[2012-05-05 21:22:09] security.DEBUG: Read SecurityContext from the session [] []
[2012-05-05 21:22:09] security.DEBUG: Reloading user from user provider. [] []
[2012-05-05 21:22:09] security.DEBUG: Username "maria" was reloaded from user provider. [] []
[2012-05-05 21:22:09] request.ERROR: Symfony\Component\HttpKernel\Exception\NotFoundHttpException: No route found for "GET /" (uncaught exception) at C:\xampp\htdocs\ef\app\cache\prod\classes.php line 4564 [] []
[2012-05-05 21:22:09] security.DEBUG: Write SecurityContext in the session [] []
[2012-05-05 21:22:45] security.DEBUG: Read SecurityContext from the session [] []
[2012-05-05 21:22:45] security.DEBUG: Reloading user from user provider. [] []
[2012-05-05 21:22:45] security.DEBUG: Username "maria" was reloaded from user provider. [] []
[2012-05-05 21:22:45] request.INFO: Matched route "buy" (parameters: "_controller": "Acme\UserBundle\Controller\BuyController::indexAction", "_route": "buy") [] []
[2012-05-05 21:22:45] request.CRITICAL: Doctrine\ORM\EntityNotFoundException: Entity was not found. (uncaught exception) at C:\xampp\htdocs\ef\app\cache\prod\doctrine\orm\Proxies\AcmeUserBundleEntityUserProxy.php line 32 [] []
[2012-05-05 21:22:45] security.DEBUG: Write SecurityContext in the session [] []
